TN:
SF:/home/alberto/workspace/generator-basicjs/generators/app/index.js
FN:6,(anonymous_0)
FN:19,(anonymous_1)
FN:25,(anonymous_2)
FN:36,(anonymous_3)
FN:40,(anonymous_4)
FN:51,(anonymous_5)
FN:55,(anonymous_6)
FN:85,(anonymous_7)
FN:92,(anonymous_8)
FN:99,(anonymous_9)
FN:119,(anonymous_10)
FN:141,(anonymous_11)
FN:147,(anonymous_12)
FNF:13
FNH:0
FNDA:0,(anonymous_0)
FNDA:0,(anonymous_1)
FNDA:0,(anonymous_2)
FNDA:0,(anonymous_3)
FNDA:0,(anonymous_4)
FNDA:0,(anonymous_5)
FNDA:0,(anonymous_6)
FNDA:0,(anonymous_7)
FNDA:0,(anonymous_8)
FNDA:0,(anonymous_9)
FNDA:0,(anonymous_10)
FNDA:0,(anonymous_11)
FNDA:0,(anonymous_12)
DA:1,1
DA:2,1
DA:3,1
DA:5,1
DA:7,0
DA:9,0
DA:14,0
DA:20,0
DA:21,0
DA:26,0
DA:27,0
DA:30,0
DA:36,0
DA:37,0
DA:41,0
DA:42,0
DA:45,0
DA:51,0
DA:52,0
DA:56,0
DA:57,0
DA:60,0
DA:85,0
DA:86,0
DA:93,0
DA:94,0
DA:95,0
DA:100,0
DA:101,0
DA:103,0
DA:106,0
DA:120,0
DA:121,0
DA:127,0
DA:141,0
DA:142,0
DA:143,0
DA:147,0
DA:148,0
DA:149,0
LF:40
LH:4
BRDA:20,0,0,0
BRDA:20,0,1,0
BRDA:26,1,0,0
BRDA:26,1,1,0
BRDA:41,2,0,0
BRDA:41,2,1,0
BRDA:41,3,0,0
BRDA:41,3,1,0
BRDA:56,4,0,0
BRDA:56,4,1,0
BRDA:93,5,0,0
BRDA:93,5,1,0
BRDA:100,6,0,0
BRDA:100,6,1,0
BRDA:120,7,0,0
BRDA:120,7,1,0
BRDA:142,8,0,0
BRDA:142,8,1,0
BRDA:148,9,0,0
BRDA:148,9,1,0
BRF:20
BRH:0
end_of_record
